2020-12-16T02:58:33.945Z [label] info: API Started!
2020-12-16T02:59:03.680Z [label] info: API Started!
2020-12-16T03:05:22.735Z [label] info: API Started!
2020-12-16T03:05:41.970Z [label] info: POST/account - {"id":2,"name":"Aluisio Andre","balance":15000}
2020-12-16T03:05:55.508Z [label] info: POST/account - {"id":3,"name":"Anderson Andre","balance":30}
2020-12-16T03:05:58.130Z [label] info: GET/account
2020-12-16T03:06:08.361Z [label] info: GET/account/:id
2020-12-16T03:06:15.117Z [label] info: PUT/account - {"id":2,"name":"Maria Madalena","balance":2000.6}
2020-12-16T03:06:18.091Z [label] info: GET/account
2020-12-16T03:21:57.437Z [label] info: API Started!
2020-12-16T03:26:56.246Z [label] info: API Started!
2020-12-16T03:29:44.605Z [label] info: API Started!
2020-12-16T03:29:59.602Z [label] info: POST/account - {"id":4,"name":"Luis Andre","balance":30}
2020-12-16T03:30:04.896Z [label] error: Name e Balance s찾o obrigat처rios
2020-12-16T03:30:11.015Z [label] info: PATCH/account/updateBalance - {"id":2,"balance":10000}
2020-12-16T03:30:20.149Z [label] error: Id e Balance s찾o obrigat처rios
2020-12-16T03:33:20.234Z [label] info: API Started!
2020-12-16T12:36:14.427Z [label] info: API Started!
2020-12-16T12:36:19.866Z [label] info: GET/account
2020-12-16T12:44:40.843Z [label] info: API Started!
2020-12-16T12:44:44.963Z [label] info: API Started!
2020-12-16T12:44:54.732Z [label] info: API Started!
2020-12-16T12:45:42.512Z [label] info: GET/account
2020-12-16T12:48:10.188Z [label] info: API Started!
2020-12-16T12:48:13.027Z [label] info: GET/account
2020-12-16T12:48:19.534Z [label] info: GET/account
2020-12-16T12:52:06.185Z [label] info: API Started!
2020-12-16T12:52:24.893Z [label] info: GET/account
2020-12-16T12:54:16.572Z [label] info: API Started!
2020-12-16T12:54:24.208Z [label] info: API Started!
2020-12-16T12:54:27.081Z [label] info: API Started!
2020-12-16T13:36:52.667Z [label] info: API Started!
2020-12-16T13:37:03.214Z [label] info: API Started!
2020-12-16T13:37:06.359Z [label] info: API Started!
2020-12-16T13:37:08.065Z [label] info: API Started!
2020-12-16T13:37:16.410Z [label] info: API Started!
2020-12-16T13:37:24.907Z [label] info: API Started!
2020-12-16T13:42:17.890Z [label] info: API Started!
2020-12-16T13:42:19.829Z [label] info: API Started!
2020-12-16T13:42:29.867Z [label] info: API Started!
2020-12-16T13:42:43.139Z [label] info: API Started!
2020-12-16T13:42:55.169Z [label] info: API Started!
2020-12-16T13:43:00.547Z [label] info: API Started!
2020-12-16T13:43:25.028Z [label] info: API Started!
2020-12-16T13:46:02.239Z [label] info: GET/account
2020-12-16T13:47:06.371Z [label] info: API Started!
2020-12-16T13:47:29.719Z [label] info: API Started!
2020-12-16T13:50:09.494Z [label] info: API Started!
